Fold 1
Training...
Fold 1
Training...
Index 1000 Loss 0.22705898233641347
Index 2000 Loss 0.1838232335546054
Index 3000 Loss 0.153298407509923
Index 4000 Loss 0.12568967494159006
Index 5000 Loss 0.11482636756484862
Index 6000 Loss 0.08289879718280281
Index 7000 Loss 0.08543920464118128
Index 8000 Loss 0.06926133400649996
Index 9000 Loss 0.08653391787284635
Index 10000 Loss 0.07109842449551798
Index 11000 Loss 0.08026525311003206
Index 12000 Loss 0.07348362487443956
Index 13000 Loss 0.07366901264112675
Index 14000 Loss 0.06322884973068722
Index 15000 Loss 0.06903465077493456
Index 16000 Loss 0.07349770685628755
Index 17000 Loss 0.0703896967022447
Index 18000 Loss 0.07582433103668154
Index 19000 Loss 0.09708599875040819
Index 20000 Loss 0.09335528567669098
Index 21000 Loss 0.0668087333386793
Index 22000 Loss 0.08764695328156813
Predicting..
Fold 1
Training...
Index 1000 Loss 0.2047542780043518
Index 2000 Loss 0.15633420211053453
Fold 1
Fold 1
Training...
Fold 1
Training...
Fold 1
Training...
Fold 1
Training...
Fold 1
Training...
Fold 1
Training...
Fold 1
Training...
Fold 1
Training...
Fold 1
Training...
Fold 1
Training...
Fold 1
Training...
Fold 1
Training...
Predicting..
Fold 1
Training...
Predicting..
Fold 1
Training...
Index 1000 Loss 0.10808934454893279
Fold 1
Training...
Index 1000 Loss 0.1273115402592898
Index 2000 Loss 0.08657349974823592
Index 3000 Loss 0.061629033459583295
Index 4000 Loss 0.06868783653790887
Index 5000 Loss 0.027399671367893463
Index 6000 Loss 0.04780262498889351
Index 7000 Loss 0.07173196897737216
Index 8000 Loss 0.044911925504246025
Index 9000 Loss 0.060597790739731865
Index 10000 Loss 0.03927816804451868
Index 11000 Loss 0.04957746240188135
Index 12000 Loss 0.039468376050237564
Predicting..
ROC 0.9492037768225119 PR 0.32560644544316486
Fold 2
Training...
Index 1000 Loss 0.09575625178674166
Index 2000 Loss 0.08112890339759178
Index 3000 Loss 0.07994192697462858
Index 4000 Loss 0.10183882244385313
Index 5000 Loss 0.034495566775323824
Index 6000 Loss 0.07364797101845033
Index 7000 Loss 0.08251219113642583
Index 8000 Loss 0.06596876972258905
